<?xml version="1.0" encoding="UTF-8"?>
<!-- Generated by org.testng.reporters.JUnitXMLReporter -->
<testsuite ignored="0" hostname="DESKTOP-PCI8H3O" failures="0" tests="6" name="Test" time="0.053" errors="0" timestamp="2021-09-22T13:42:05 IST">
  <testcase classname="com.comcast.CreateOrganizationTest.TC_01_CreateContactTest" name="createContactTest" time="0.009"/>
  <testcase classname="com.comcast.CreateOrganizationTest.TC_01_CreateContactTest" name="createContactWithOrganizationTest" time="0.001"/>
  <testcase classname="com.comcast.CreateOrganizationTest.TC_01_CreateContactTest" name="deleteContactTest" time="0.0"/>
  <testcase classname="com.comcast.CreateOrg.TC_01_CreateOrganizationTest" name="createOrganization" time="0.001"/>
  <testcase classname="com.comcast.CreateOrg.TC_01_CreateOrganizationTest" name="createOrganizationWithIndustry" time="0.001"/>
  <testcase classname="com.comcast.CreateOrg.TC_01_CreateOrganizationTest" name="deleteOrganization" time="0.002"/>
</testsuite> <!-- Test -->
