<?xml version="1.0" encoding="UTF-8"?>
<!-- Generated by org.testng.reporters.JUnitXMLReporter -->
<testsuite ignored="3" hostname="DESKTOP-PCI8H3O" failures="0" tests="5" name="Test" time="0.08" errors="0" timestamp="2021-09-23T15:13:24 IST">
  <testcase classname="com.comcast.CreateOrganizationTest.TC_01_CreateContactTest" name="createContactTest" time="0.014"/>
  <testcase classname="com.comcast.CreateOrganizationTest.TC_01_CreateContactTest" name="createContactWithOrganizationTest" time="0.001"/>
  <testcase classname="com.comcast.CreateOrg.TC_01_CreateOrganizationTest" name="createOrganizationWithIndustry" time="0.001"/>
  <testcase classname="com.comcast.CreateOrg.TC_01_CreateOrganizationTest" name="deleteOrganization" time="0.001"/>
  <testcase classname="com.comcast.CreateOrg.TC_01_CreateOrganizationTest" name="updateOrganization" time="0.001"/>
  <testcase classname="com.comcast.CreateOrganizationTest.TC_01_CreateContactTest" name="data" time="0.0">
    <ignored/>
  </testcase> <!-- data -->
  <testcase classname="com.comcast.CreateOrg.TC_01_CreateOrganizationTest" name="createOrganization" time="0.0">
    <ignored/>
  </testcase> <!-- createOrganization -->
  <testcase classname="com.comcast.CreateOrganizationTest.TC_01_CreateContactTest" name="deleteContactTest" time="0.0">
    <ignored/>
  </testcase> <!-- deleteContactTest -->
</testsuite> <!-- Test -->
