<?xml version="1.0" encoding="UTF-8"?>
<!-- Generated by org.testng.reporters.JUnitXMLReporter -->
<testsuite ignored="2" hostname="DESKTOP-PCI8H3O" failures="0" tests="1" name="Default test" time="0.048" errors="0" timestamp="2021-09-22T14:04:39 IST">
  <testcase classname="com.comcast.CreateOrg.TC_01_CreateOrganizationTest" name="createOrganization" time="0.009"/>
  <testcase classname="com.comcast.CreateOrg.TC_01_CreateOrganizationTest" name="deleteOrganization" time="0.0">
    <ignored/>
  </testcase> <!-- deleteOrganization -->
  <testcase classname="com.comcast.CreateOrg.TC_01_CreateOrganizationTest" name="createOrganizationWithIndustry" time="0.0">
    <ignored/>
  </testcase> <!-- createOrganizationWithIndustry -->
</testsuite> <!-- Default test -->
