<?xml version="1.0" encoding="UTF-8"?>
<testng-results ignored="2" total="3" passed="1" failed="0" skipped="0">
  <reporter-output>
  </reporter-output>
  <suite started-at="2021-09-22T14:04:39 IST" name="Default suite" finished-at="2021-09-22T14:04:39 IST" duration-ms="48">
    <groups>
    </groups>
    <test started-at="2021-09-22T14:04:39 IST" name="Default test" finished-at="2021-09-22T14:04:39 IST" duration-ms="48">
      <class name="com.comcast.CreateOrg.TC_01_CreateOrganizationTest">
        <test-method signature="createOrganization()[pri:0, instance:com.comcast.CreateOrg.TC_01_CreateOrganizationTest@4a668b6e]" started-at="2021-09-22T14:04:39 IST" name="createOrganization" finished-at="2021-09-22T14:04:39 IST" duration-ms="9" status="PASS">
          <reporter-output>
          </reporter-output>
        </test-method> <!-- createOrganization -->
      </class> <!-- com.comcast.CreateOrg.TC_01_CreateOrganizationTest -->
    </test> <!-- Default test -->
  </suite> <!-- Default suite -->
</testng-results>
